C:\USERS\CSUPLINSKI\DOCUMENTS\VISUAL STUDIO 2010\PROJECTS\ADVENTURE\ADVENTURE\DEBUG\ADVENTURE.EXE.EMBED.MANIFEST
C:\USERS\CSUPLINSKI\DOCUMENTS\VISUAL STUDIO 2010\PROJECTS\ADVENTURE\ADVENTURE\DEBUG\ADVENTURE.EXE.EMBED.MANIFEST.RES
C:\USERS\CSUPLINSKI\DOCUMENTS\VISUAL STUDIO 2010\PROJECTS\ADVENTURE\ADVENTURE\DEBUG\ADVENTURE.EXE.INTERMEDIATE.MANIFEST
C:\Users\csuplinski\documents\visual studio 2010\Projects\Adventure\Adventure\Debug\Adventure.vcxprojResolveAssemblyReference.cache
C:\Users\csuplinski\documents\visual studio 2010\Projects\Adventure\Adventure\Debug\Adventure.write.1.tlog
C:\Users\csuplinski\documents\visual studio 2010\Projects\Adventure\Adventure\Debug\Adventure_manifest.rc
C:\USERS\CSUPLINSKI\DOCUMENTS\VISUAL STUDIO 2010\PROJECTS\ADVENTURE\ADVENTURE\DEBUG\BUILDING.OBJ
C:\USERS\CSUPLINSKI\DOCUMENTS\VISUAL STUDIO 2010\PROJECTS\ADVENTURE\ADVENTURE\DEBUG\CITY.OBJ
C:\Users\csuplinski\documents\visual studio 2010\Projects\Adventure\Adventure\Debug\cl.command.1.tlog
C:\Users\csuplinski\documents\visual studio 2010\Projects\Adventure\Adventure\Debug\CL.read.1.tlog
C:\Users\csuplinski\documents\visual studio 2010\Projects\Adventure\Adventure\Debug\CL.write.1.tlog
C:\USERS\CSUPLINSKI\DOCUMENTS\VISUAL STUDIO 2010\PROJECTS\ADVENTURE\ADVENTURE\DEBUG\CUBE.OBJ
C:\USERS\CSUPLINSKI\DOCUMENTS\VISUAL STUDIO 2010\PROJECTS\ADVENTURE\ADVENTURE\DEBUG\CUBE2.OBJ
C:\USERS\CSUPLINSKI\DOCUMENTS\VISUAL STUDIO 2010\PROJECTS\ADVENTURE\ADVENTURE\DEBUG\CUBE3.OBJ
C:\USERS\CSUPLINSKI\DOCUMENTS\VISUAL STUDIO 2010\PROJECTS\ADVENTURE\ADVENTURE\DEBUG\CYLINDER.OBJ
C:\USERS\CSUPLINSKI\DOCUMENTS\VISUAL STUDIO 2010\PROJECTS\ADVENTURE\ADVENTURE\DEBUG\CYLINDER2.OBJ
C:\USERS\CSUPLINSKI\DOCUMENTS\VISUAL STUDIO 2010\PROJECTS\ADVENTURE\ADVENTURE\DEBUG\DESERT.OBJ
C:\USERS\CSUPLINSKI\DOCUMENTS\VISUAL STUDIO 2010\PROJECTS\ADVENTURE\ADVENTURE\DEBUG\DISC.OBJ
C:\USERS\CSUPLINSKI\DOCUMENTS\VISUAL STUDIO 2010\PROJECTS\ADVENTURE\ADVENTURE\DEBUG\FBO.OBJ
C:\USERS\CSUPLINSKI\DOCUMENTS\VISUAL STUDIO 2010\PROJECTS\ADVENTURE\ADVENTURE\DEBUG\FOREST.OBJ
C:\USERS\CSUPLINSKI\DOCUMENTS\VISUAL STUDIO 2010\PROJECTS\ADVENTURE\ADVENTURE\DEBUG\GENGAR.OBJ
C:\USERS\CSUPLINSKI\DOCUMENTS\VISUAL STUDIO 2010\PROJECTS\ADVENTURE\ADVENTURE\DEBUG\GLOBALS.OBJ
C:\USERS\CSUPLINSKI\DOCUMENTS\VISUAL STUDIO 2010\PROJECTS\ADVENTURE\ADVENTURE\DEBUG\IMPOSTOR.OBJ
C:\Users\csuplinski\documents\visual studio 2010\Projects\Adventure\Adventure\Debug\link.3064.read.1.tlog
C:\Users\csuplinski\documents\visual studio 2010\Projects\Adventure\Adventure\Debug\link.3064.write.1.tlog
C:\Users\csuplinski\documents\visual studio 2010\Projects\Adventure\Adventure\Debug\link.3064-cvtres.read.1.tlog
C:\Users\csuplinski\documents\visual studio 2010\Projects\Adventure\Adventure\Debug\link.3064-cvtres.write.1.tlog
C:\Users\csuplinski\documents\visual studio 2010\Projects\Adventure\Adventure\Debug\link.3104.read.1.tlog
C:\Users\csuplinski\documents\visual studio 2010\Projects\Adventure\Adventure\Debug\link.3104.write.1.tlog
C:\Users\csuplinski\documents\visual studio 2010\Projects\Adventure\Adventure\Debug\link.3104-cvtres.read.1.tlog
C:\Users\csuplinski\documents\visual studio 2010\Projects\Adventure\Adventure\Debug\link.3104-cvtres.write.1.tlog
C:\Users\csuplinski\documents\visual studio 2010\Projects\Adventure\Adventure\Debug\link.3128.read.1.tlog
C:\Users\csuplinski\documents\visual studio 2010\Projects\Adventure\Adventure\Debug\link.3128.write.1.tlog
C:\Users\csuplinski\documents\visual studio 2010\Projects\Adventure\Adventure\Debug\link.3128-cvtres.read.1.tlog
C:\Users\csuplinski\documents\visual studio 2010\Projects\Adventure\Adventure\Debug\link.3128-cvtres.write.1.tlog
C:\Users\csuplinski\documents\visual studio 2010\Projects\Adventure\Adventure\Debug\link.3180.read.1.tlog
C:\Users\csuplinski\documents\visual studio 2010\Projects\Adventure\Adventure\Debug\link.3180.write.1.tlog
C:\Users\csuplinski\documents\visual studio 2010\Projects\Adventure\Adventure\Debug\link.3180-cvtres.read.1.tlog
C:\Users\csuplinski\documents\visual studio 2010\Projects\Adventure\Adventure\Debug\link.3180-cvtres.write.1.tlog
C:\Users\csuplinski\documents\visual studio 2010\Projects\Adventure\Adventure\Debug\link.4176.read.1.tlog
C:\Users\csuplinski\documents\visual studio 2010\Projects\Adventure\Adventure\Debug\link.4176.write.1.tlog
C:\Users\csuplinski\documents\visual studio 2010\Projects\Adventure\Adventure\Debug\link.4176-cvtres.read.1.tlog
C:\Users\csuplinski\documents\visual studio 2010\Projects\Adventure\Adventure\Debug\link.4176-cvtres.write.1.tlog
C:\Users\csuplinski\documents\visual studio 2010\Projects\Adventure\Adventure\Debug\link.4332.read.1.tlog
C:\Users\csuplinski\documents\visual studio 2010\Projects\Adventure\Adventure\Debug\link.4332.write.1.tlog
C:\Users\csuplinski\documents\visual studio 2010\Projects\Adventure\Adventure\Debug\link.4332-cvtres.read.1.tlog
C:\Users\csuplinski\documents\visual studio 2010\Projects\Adventure\Adventure\Debug\link.4332-cvtres.write.1.tlog
C:\Users\csuplinski\documents\visual studio 2010\Projects\Adventure\Adventure\Debug\link.512.read.1.tlog
C:\Users\csuplinski\documents\visual studio 2010\Projects\Adventure\Adventure\Debug\link.512.write.1.tlog
C:\Users\csuplinski\documents\visual studio 2010\Projects\Adventure\Adventure\Debug\link.512-cvtres.read.1.tlog
C:\Users\csuplinski\documents\visual studio 2010\Projects\Adventure\Adventure\Debug\link.512-cvtres.write.1.tlog
C:\Users\csuplinski\documents\visual studio 2010\Projects\Adventure\Adventure\Debug\link.560.read.1.tlog
C:\Users\csuplinski\documents\visual studio 2010\Projects\Adventure\Adventure\Debug\link.560.write.1.tlog
C:\Users\csuplinski\documents\visual studio 2010\Projects\Adventure\Adventure\Debug\link.560-cvtres.read.1.tlog
C:\Users\csuplinski\documents\visual studio 2010\Projects\Adventure\Adventure\Debug\link.560-cvtres.write.1.tlog
C:\Users\csuplinski\documents\visual studio 2010\Projects\Adventure\Adventure\Debug\link.5752.read.1.tlog
C:\Users\csuplinski\documents\visual studio 2010\Projects\Adventure\Adventure\Debug\link.5752.write.1.tlog
C:\Users\csuplinski\documents\visual studio 2010\Projects\Adventure\Adventure\Debug\link.5752-cvtres.read.1.tlog
C:\Users\csuplinski\documents\visual studio 2010\Projects\Adventure\Adventure\Debug\link.5752-cvtres.write.1.tlog
C:\Users\csuplinski\documents\visual studio 2010\Projects\Adventure\Adventure\Debug\link.5852.read.1.tlog
C:\Users\csuplinski\documents\visual studio 2010\Projects\Adventure\Adventure\Debug\link.5852.write.1.tlog
C:\Users\csuplinski\documents\visual studio 2010\Projects\Adventure\Adventure\Debug\link.5852-cvtres.read.1.tlog
C:\Users\csuplinski\documents\visual studio 2010\Projects\Adventure\Adventure\Debug\link.5852-cvtres.write.1.tlog
C:\Users\csuplinski\documents\visual studio 2010\Projects\Adventure\Adventure\Debug\link.6756.read.1.tlog
C:\Users\csuplinski\documents\visual studio 2010\Projects\Adventure\Adventure\Debug\link.6756.write.1.tlog
C:\Users\csuplinski\documents\visual studio 2010\Projects\Adventure\Adventure\Debug\link.6756-cvtres.read.1.tlog
C:\Users\csuplinski\documents\visual studio 2010\Projects\Adventure\Adventure\Debug\link.6756-cvtres.write.1.tlog
C:\Users\csuplinski\documents\visual studio 2010\Projects\Adventure\Adventure\Debug\link.8132.read.1.tlog
C:\Users\csuplinski\documents\visual studio 2010\Projects\Adventure\Adventure\Debug\link.8132.write.1.tlog
C:\Users\csuplinski\documents\visual studio 2010\Projects\Adventure\Adventure\Debug\link.8132-cvtres.read.1.tlog
C:\Users\csuplinski\documents\visual studio 2010\Projects\Adventure\Adventure\Debug\link.8132-cvtres.write.1.tlog
C:\Users\csuplinski\documents\visual studio 2010\Projects\Adventure\Adventure\Debug\link.command.1.tlog
C:\Users\csuplinski\documents\visual studio 2010\Projects\Adventure\Adventure\Debug\link.read.1.tlog
C:\Users\csuplinski\documents\visual studio 2010\Projects\Adventure\Adventure\Debug\link.write.1.tlog
C:\Users\csuplinski\documents\visual studio 2010\Projects\Adventure\Adventure\Debug\link-cvtres.read.1.tlog
C:\Users\csuplinski\documents\visual studio 2010\Projects\Adventure\Adventure\Debug\link-cvtres.write.1.tlog
C:\USERS\CSUPLINSKI\DOCUMENTS\VISUAL STUDIO 2010\PROJECTS\ADVENTURE\ADVENTURE\DEBUG\MAIN.OBJ
C:\USERS\CSUPLINSKI\DOCUMENTS\VISUAL STUDIO 2010\PROJECTS\ADVENTURE\ADVENTURE\DEBUG\MENU.OBJ
C:\USERS\CSUPLINSKI\DOCUMENTS\VISUAL STUDIO 2010\PROJECTS\ADVENTURE\ADVENTURE\DEBUG\MOUNTAINS.OBJ
C:\Users\csuplinski\documents\visual studio 2010\Projects\Adventure\Adventure\Debug\mt.command.1.tlog
C:\Users\csuplinski\documents\visual studio 2010\Projects\Adventure\Adventure\Debug\mt.read.1.tlog
C:\Users\csuplinski\documents\visual studio 2010\Projects\Adventure\Adventure\Debug\mt.write.1.tlog
C:\USERS\CSUPLINSKI\DOCUMENTS\VISUAL STUDIO 2010\PROJECTS\ADVENTURE\ADVENTURE\DEBUG\OBJECT.OBJ
C:\USERS\CSUPLINSKI\DOCUMENTS\VISUAL STUDIO 2010\PROJECTS\ADVENTURE\ADVENTURE\DEBUG\OBJECT2.OBJ
C:\USERS\CSUPLINSKI\DOCUMENTS\VISUAL STUDIO 2010\PROJECTS\ADVENTURE\ADVENTURE\DEBUG\PLAINS.OBJ
C:\USERS\CSUPLINSKI\DOCUMENTS\VISUAL STUDIO 2010\PROJECTS\ADVENTURE\ADVENTURE\DEBUG\PRECIP.OBJ
C:\Users\csuplinski\documents\visual studio 2010\Projects\Adventure\Adventure\Debug\rc.command.1.tlog
C:\Users\csuplinski\documents\visual studio 2010\Projects\Adventure\Adventure\Debug\rc.read.1.tlog
C:\Users\csuplinski\documents\visual studio 2010\Projects\Adventure\Adventure\Debug\rc.write.1.tlog
C:\USERS\CSUPLINSKI\DOCUMENTS\VISUAL STUDIO 2010\PROJECTS\ADVENTURE\ADVENTURE\DEBUG\SHADER.OBJ
C:\USERS\CSUPLINSKI\DOCUMENTS\VISUAL STUDIO 2010\PROJECTS\ADVENTURE\ADVENTURE\DEBUG\SHADER_UTILS.OBJ
C:\USERS\CSUPLINSKI\DOCUMENTS\VISUAL STUDIO 2010\PROJECTS\ADVENTURE\ADVENTURE\DEBUG\SHADER2.OBJ
C:\USERS\CSUPLINSKI\DOCUMENTS\VISUAL STUDIO 2010\PROJECTS\ADVENTURE\ADVENTURE\DEBUG\SKY.OBJ
C:\USERS\CSUPLINSKI\DOCUMENTS\VISUAL STUDIO 2010\PROJECTS\ADVENTURE\ADVENTURE\DEBUG\SNOW.OBJ
C:\USERS\CSUPLINSKI\DOCUMENTS\VISUAL STUDIO 2010\PROJECTS\ADVENTURE\ADVENTURE\DEBUG\SPHERE.OBJ
C:\USERS\CSUPLINSKI\DOCUMENTS\VISUAL STUDIO 2010\PROJECTS\ADVENTURE\ADVENTURE\DEBUG\SPHERE2.OBJ
C:\USERS\CSUPLINSKI\DOCUMENTS\VISUAL STUDIO 2010\PROJECTS\ADVENTURE\ADVENTURE\DEBUG\SQUARE2.OBJ
C:\USERS\CSUPLINSKI\DOCUMENTS\VISUAL STUDIO 2010\PROJECTS\ADVENTURE\ADVENTURE\DEBUG\SQUARE3.OBJ
C:\USERS\CSUPLINSKI\DOCUMENTS\VISUAL STUDIO 2010\PROJECTS\ADVENTURE\ADVENTURE\DEBUG\SQUARE4.OBJ
C:\USERS\CSUPLINSKI\DOCUMENTS\VISUAL STUDIO 2010\PROJECTS\ADVENTURE\ADVENTURE\DEBUG\TERRAINMANAGER.OBJ
C:\USERS\CSUPLINSKI\DOCUMENTS\VISUAL STUDIO 2010\PROJECTS\ADVENTURE\ADVENTURE\DEBUG\TEXTUREMANAGER.OBJ
C:\USERS\CSUPLINSKI\DOCUMENTS\VISUAL STUDIO 2010\PROJECTS\ADVENTURE\ADVENTURE\DEBUG\TEXTURESHADER.OBJ
C:\USERS\CSUPLINSKI\DOCUMENTS\VISUAL STUDIO 2010\PROJECTS\ADVENTURE\ADVENTURE\DEBUG\USER.OBJ
C:\Users\csuplinski\documents\visual studio 2010\Projects\Adventure\Adventure\Debug\vc100.idb
C:\USERS\CSUPLINSKI\DOCUMENTS\VISUAL STUDIO 2010\PROJECTS\ADVENTURE\ADVENTURE\DEBUG\VC100.PDB
C:\USERS\CSUPLINSKI\DOCUMENTS\VISUAL STUDIO 2010\PROJECTS\ADVENTURE\ADVENTURE\DEBUG\VERTEXATTRIBUTES.OBJ
C:\USERS\CSUPLINSKI\DOCUMENTS\VISUAL STUDIO 2010\PROJECTS\ADVENTURE\ADVENTURE\DEBUG\VERTEXATTRIBUTES2.OBJ
C:\USERS\CSUPLINSKI\DOCUMENTS\VISUAL STUDIO 2010\PROJECTS\ADVENTURE\DEBUG\ADVENTURE.EXE
C:\USERS\CSUPLINSKI\DOCUMENTS\VISUAL STUDIO 2010\PROJECTS\ADVENTURE\DEBUG\ADVENTURE.ILK
C:\USERS\CSUPLINSKI\DOCUMENTS\VISUAL STUDIO 2010\PROJECTS\ADVENTURE\DEBUG\ADVENTURE.PDB
